
=== Wed Sep 27 16:56:56 2023

Packages were changed.
Update Mode: updateDependencies

The following packages were updated:
  com.unity.burst from version 1.7.2 to 1.8.7
  com.unity.collections from version 1.2.3 to 1.2.4

=== Wed Sep 27 16:56:56 2023

Packages were changed.
Update Mode: mergeDefaultDependencies

The following packages were added:
  com.unity.burst@1.8.7
  com.unity.collections@1.2.4
  com.unity.mathematics@1.2.6

=== Tue Oct  3 15:39:46 2023

Packages were changed.
Update Mode: updateDependencies

The following packages were updated:
  com.unity.cinemachine from version 2.8.6 to 2.9.5
  com.unity.inputsystem from version 1.3.0 to 1.6.3

=== Fri Jan  5 14:31:14 2024

Packages were changed.
Update Mode: updateDependencies

The following packages were updated:
  com.unity.collab-proxy from version 1.13.5 to 2.0.5
  com.unity.ide.rider from version 3.0.7 to 3.0.24
  com.unity.ide.visualstudio from version 2.0.11 to 2.0.18
  com.unity.ide.vscode from version 1.2.4 to 1.2.5
  com.unity.render-pipelines.high-definition from version 12.1.0 to 14.0.8
  com.unity.render-pipelines.universal from version 12.1.0 to 14.0.8
  com.unity.shadergraph from version 12.1.0 to 14.0.8
  com.unity.test-framework from version 1.1.29 to 1.1.33
  com.unity.timeline from version 1.6.2 to 1.7.5
  com.unity.visualscripting from version 1.7.2 to 1.8.0

=== Fri Jan  5 14:31:14 2024

Packages were changed.
Update Mode: mergeDefaultDependencies

The following packages were added:
  com.unity.render-pipelines.high-definition@14.0.8
  com.unity.shadergraph@14.0.8

=== Thu Mar 14 12:40:10 2024

Packages were changed.
Update Mode: updateDependencies

The following packages were updated:
  com.unity.collab-proxy from version 2.0.5 to 2.2.0
  com.unity.ide.visualstudio from version 2.0.18 to 2.0.22
  com.unity.inputsystem from version 1.6.3 to 1.7.0
  com.unity.render-pipelines.universal from version 14.0.8 to 14.0.10
  com.unity.shadergraph from version 14.0.8 to 14.0.10
  com.unity.visualeffectgraph from version 14.0.8 to 14.0.10
  com.unity.visualscripting from version 1.8.0 to 1.9.1
